<?xml version="1.0" encoding="UTF-8"?>
<!-- Generated by org.testng.reporters.JUnitXMLReporter -->
<testsuite hostname="LAPTOP-35P4TRI0" ignored="0" name="Login tests" tests="3" failures="0" timestamp="2020-10-23T15:46:57 EDT" time="15.613" errors="0">
  <testcase name="loginSiteTest" time="5.767" classname="ai.skillo.LoginTests"/>
  <testcase name="logoutSiteTest" time="1.808" classname="ai.skillo.LoginTests"/>
  <testcase name="emptyCredentialsLoginTest" time="2.195" classname="ai.skillo.LoginTests"/>
</testsuite> <!-- Login tests -->
