<?xml version="1.0" encoding="UTF-8"?>
<!-- Generated by org.testng.reporters.JUnitXMLReporter -->
<testsuite hostname="LAPTOP-35P4TRI0" ignored="0" name="Registration tests" tests="3" failures="0" timestamp="2020-10-23T15:46:42 EDT" time="41.874" errors="0">
  <testcase name="registrationSiteTest" time="16.321" classname="ai.skillo.RegistrationTests"/>
  <testcase name="checkExcludingNotMatchingPasswords" time="12.249" classname="ai.skillo.RegistrationTests"/>
  <testcase name="checkExcludingDoubleEmails" time="6.293" classname="ai.skillo.RegistrationTests"/>
</testsuite> <!-- Registration tests -->
